2026-02-22 14:42:15.660 | INFO     | main:<module>:156 - 'C:\Users\masak\Desktop\repos\economicon\api\static' directory not found. Skipping mount.
2026-02-22 14:45:54.068 | INFO     | main:<module>:156 - 'C:\Users\masak\Desktop\repos\economicon\api\static' directory not found. Skipping mount.
2026-02-22 14:46:16.870 | INFO     | main:<module>:156 - 'C:\Users\masak\Desktop\repos\economicon\api\static' directory not found. Skipping mount.
2026-02-22 14:47:21.006 | INFO     | main:<module>:156 - 'C:\Users\masak\Desktop\repos\economicon\api\static' directory not found. Skipping mount.
2026-02-22 14:48:06.179 | INFO     | main:<module>:156 - 'C:\Users\masak\Desktop\repos\economicon\api\static' directory not found. Skipping mount.
2026-02-22 14:51:25.298 | INFO     | main:<module>:156 - 'C:\Users\masak\Desktop\repos\economicon\api\static' directory not found. Skipping mount.
2026-02-22 14:52:08.899 | INFO     | main:<module>:156 - 'C:\Users\masak\Desktop\repos\economicon\api\static' directory not found. Skipping mount.
2026-02-22 14:52:11.988 | INFO     | main:<module>:156 - 'C:\Users\masak\Desktop\repos\economicon\api\static' directory not found. Skipping mount.
2026-02-22 14:52:11.996 | INFO     | main:combined_middleware:92 - START: [POST] /api/column/add (lang: ja)
2026-02-22 14:52:11.999 | INFO     | main:combined_middleware:106 - END:   [POST] /api/column/add | Status: 200 | Time: 3.03ms
2026-02-22 14:52:12.006 | INFO     | main:combined_middleware:92 - START: [POST] /api/column/add (lang: ja)
2026-02-22 14:52:12.007 | ERROR    | economicon.utils.logging:log_error:37 - ERROR: ErrorCode.INVALID_FILE_TYPE - csvFilePath must be one of the following types: csv.
2026-02-22 14:52:12.007 | INFO     | main:combined_middleware:106 - END:   [POST] /api/column/add | Status: 400 | Time: 0.98ms
2026-02-22 14:52:12.271 | INFO     | main:combined_middleware:92 - START: [POST] /api/column/add (lang: ja)
2026-02-22 14:52:12.271 | ERROR    | economicon.utils.logging:log_error:37 - ERROR: ErrorCode.INVALID_FILE_TYPE - csvFilePath must be one of the following types: csv.
2026-02-22 14:52:12.271 | INFO     | main:combined_middleware:106 - END:   [POST] /api/column/add | Status: 400 | Time: 0.87ms
2026-02-22 14:52:12.284 | INFO     | main:combined_middleware:92 - START: [POST] /api/column/add (lang: ja)
2026-02-22 14:52:12.285 | ERROR    | economicon.utils.logging:log_error:37 - ERROR: ErrorCode.INVALID_FILE_TYPE - csvFilePath must be one of the following types: csv.
2026-02-22 14:52:12.285 | INFO     | main:combined_middleware:106 - END:   [POST] /api/column/add | Status: 400 | Time: 0.89ms
2026-02-22 14:52:12.321 | INFO     | main:combined_middleware:92 - START: [POST] /api/column/add (lang: ja)
2026-02-22 14:52:12.322 | ERROR    | economicon.utils.logging:log_error:37 - ERROR: ErrorCode.INVALID_FILE_TYPE - csvFilePath must be one of the following types: csv.
2026-02-22 14:52:12.322 | INFO     | main:combined_middleware:106 - END:   [POST] /api/column/add | Status: 400 | Time: 1.05ms
2026-02-22 14:52:12.351 | INFO     | main:combined_middleware:92 - START: [POST] /api/column/add (lang: ja)
2026-02-22 14:52:12.352 | INFO     | main:combined_middleware:106 - END:   [POST] /api/column/add | Status: 200 | Time: 1.10ms
2026-02-22 14:52:12.358 | INFO     | main:combined_middleware:92 - START: [POST] /api/column/add (lang: ja)
2026-02-22 14:52:12.358 | INFO     | main:combined_middleware:106 - END:   [POST] /api/column/add | Status: 200 | Time: 0.64ms
2026-02-22 14:52:12.364 | INFO     | main:combined_middleware:92 - START: [POST] /api/column/add (lang: ja)
2026-02-22 14:52:12.364 | ERROR    | economicon.utils.logging:log_error:37 - ERROR: ErrorCode.INVALID_FILE_TYPE - csvFilePath must be one of the following types: csv.
2026-02-22 14:52:12.365 | INFO     | main:combined_middleware:106 - END:   [POST] /api/column/add | Status: 400 | Time: 0.95ms
2026-02-22 14:52:12.398 | INFO     | main:combined_middleware:92 - START: [POST] /api/column/add (lang: ja)
2026-02-22 14:52:12.399 | INFO     | main:combined_middleware:106 - END:   [POST] /api/column/add | Status: 200 | Time: 0.67ms
2026-02-22 14:52:12.403 | INFO     | main:combined_middleware:92 - START: [POST] /api/column/add (lang: ja)
2026-02-22 14:52:12.404 | INFO     | main:combined_middleware:106 - END:   [POST] /api/column/add | Status: 200 | Time: 0.74ms
2026-02-22 14:52:12.409 | INFO     | main:combined_middleware:92 - START: [POST] /api/column/add (lang: ja)
2026-02-22 14:52:12.410 | INFO     | main:combined_middleware:106 - END:   [POST] /api/column/add | Status: 200 | Time: 0.59ms
2026-02-22 14:52:12.413 | INFO     | main:combined_middleware:92 - START: [POST] /api/column/add (lang: ja)
2026-02-22 14:52:12.414 | ERROR    | economicon.utils.logging:log_error:37 - ERROR: ErrorCode.VALIDATION_ERROR - tableNameは必須項目です。
2026-02-22 14:52:12.414 | INFO     | main:combined_middleware:106 - END:   [POST] /api/column/add | Status: 422 | Time: 0.74ms
2026-02-22 14:52:12.420 | INFO     | main:combined_middleware:92 - START: [POST] /api/column/add (lang: ja)
2026-02-22 14:52:12.420 | ERROR    | economicon.utils.logging:log_error:37 - ERROR: ErrorCode.VALIDATION_ERROR - newColumnNameは必須項目です。
2026-02-22 14:52:12.421 | INFO     | main:combined_middleware:106 - END:   [POST] /api/column/add | Status: 422 | Time: 0.89ms
2026-02-22 14:52:12.425 | INFO     | main:combined_middleware:92 - START: [POST] /api/column/add (lang: ja)
2026-02-22 14:52:12.425 | ERROR    | economicon.utils.logging:log_error:37 - ERROR: ErrorCode.VALIDATION_ERROR - addPositionColumnは必須項目です。
2026-02-22 14:52:12.425 | INFO     | main:combined_middleware:106 - END:   [POST] /api/column/add | Status: 422 | Time: 0.66ms
2026-02-22 14:52:12.431 | INFO     | main:combined_middleware:92 - START: [POST] /api/column/add (lang: ja)
2026-02-22 14:52:12.431 | ERROR    | economicon.utils.logging:log_error:37 - ERROR: ErrorCode.VALIDATION_ERROR - tableNameは1文字以上で入力してください。
2026-02-22 14:52:12.431 | INFO     | main:combined_middleware:106 - END:   [POST] /api/column/add | Status: 422 | Time: 0.74ms
2026-02-22 14:52:12.436 | INFO     | main:combined_middleware:92 - START: [POST] /api/column/add (lang: ja)
2026-02-22 14:52:12.437 | ERROR    | economicon.utils.logging:log_error:37 - ERROR: ErrorCode.VALIDATION_ERROR - newColumnNameは1文字以上で入力してください。
2026-02-22 14:52:12.437 | INFO     | main:combined_middleware:106 - END:   [POST] /api/column/add | Status: 422 | Time: 0.73ms
2026-02-22 14:52:12.441 | INFO     | main:combined_middleware:92 - START: [POST] /api/column/add (lang: ja)
2026-02-22 14:52:12.442 | ERROR    | economicon.utils.logging:log_error:37 - ERROR: ErrorCode.VALIDATION_ERROR - addPositionColumnは1文字以上で入力してください。
2026-02-22 14:52:12.442 | INFO     | main:combined_middleware:106 - END:   [POST] /api/column/add | Status: 422 | Time: 0.72ms
2026-02-22 14:52:12.446 | INFO     | main:combined_middleware:92 - START: [POST] /api/column/add (lang: ja)
2026-02-22 14:52:12.447 | ERROR    | economicon.utils.logging:log_error:37 - ERROR: ErrorCode.VALIDATION_ERROR - tableNameは文字列で入力してください。
2026-02-22 14:52:12.447 | INFO     | main:combined_middleware:106 - END:   [POST] /api/column/add | Status: 422 | Time: 0.74ms
2026-02-22 14:52:12.451 | INFO     | main:combined_middleware:92 - START: [POST] /api/column/add (lang: ja)
2026-02-22 14:52:12.452 | ERROR    | economicon.utils.logging:log_error:37 - ERROR: ErrorCode.VALIDATION_ERROR - newColumnNameは文字列で入力してください。
2026-02-22 14:52:12.452 | INFO     | main:combined_middleware:106 - END:   [POST] /api/column/add | Status: 422 | Time: 0.67ms
2026-02-22 14:52:12.457 | INFO     | main:combined_middleware:92 - START: [POST] /api/column/add (lang: ja)
2026-02-22 14:52:12.457 | ERROR    | economicon.utils.logging:log_error:37 - ERROR: ErrorCode.VALIDATION_ERROR - addPositionColumnは文字列で入力してください。
2026-02-22 14:52:12.458 | INFO     | main:combined_middleware:106 - END:   [POST] /api/column/add | Status: 422 | Time: 0.79ms
2026-02-22 14:52:12.462 | INFO     | main:combined_middleware:92 - START: [POST] /api/column/add (lang: ja)
2026-02-22 14:52:12.463 | ERROR    | economicon.utils.logging:log_error:37 - ERROR: ErrorCode.VALIDATION_ERROR - newColumnNameは128文字以内で入力してください。
2026-02-22 14:52:12.463 | INFO     | main:combined_middleware:106 - END:   [POST] /api/column/add | Status: 422 | Time: 0.76ms
2026-02-22 14:52:12.467 | INFO     | main:combined_middleware:92 - START: [POST] /api/column/add (lang: ja)
2026-02-22 14:52:12.468 | ERROR    | economicon.utils.logging:log_error:37 - ERROR: ErrorCode.VALIDATION_ERROR - csvFilePathは1024文字以内で入力してください。
2026-02-22 14:52:12.468 | INFO     | main:combined_middleware:106 - END:   [POST] /api/column/add | Status: 422 | Time: 0.68ms
2026-02-22 14:52:12.472 | INFO     | main:combined_middleware:92 - START: [POST] /api/column/add (lang: ja)
2026-02-22 14:52:12.473 | ERROR    | economicon.utils.logging:log_error:37 - ERROR: ErrorCode.VALIDATION_ERROR - String should match pattern '^[^\x00-\x1f\x7f]+$'
2026-02-22 14:52:12.473 | INFO     | main:combined_middleware:106 - END:   [POST] /api/column/add | Status: 422 | Time: 0.82ms
2026-02-22 14:52:12.477 | INFO     | main:combined_middleware:92 - START: [POST] /api/column/add (lang: ja)
2026-02-22 14:52:12.478 | ERROR    | economicon.utils.logging:log_error:37 - ERROR: ErrorCode.VALIDATION_ERROR - String should match pattern '^[^\x00-\x1f\x7f]+$'
2026-02-22 14:52:12.478 | INFO     | main:combined_middleware:106 - END:   [POST] /api/column/add | Status: 422 | Time: 0.71ms
2026-02-22 14:52:12.482 | INFO     | main:combined_middleware:92 - START: [POST] /api/column/add (lang: ja)
2026-02-22 14:52:12.482 | ERROR    | economicon.utils.logging:log_error:37 - ERROR: ErrorCode.VALIDATION_ERROR - String should match pattern '^[^\x00-\x1f\x7f]+$'
2026-02-22 14:52:12.482 | INFO     | main:combined_middleware:106 - END:   [POST] /api/column/add | Status: 422 | Time: 0.69ms
2026-02-22 14:52:12.487 | INFO     | main:combined_middleware:92 - START: [POST] /api/column/add (lang: ja)
2026-02-22 14:52:12.488 | ERROR    | economicon.utils.logging:log_error:37 - ERROR: ErrorCode.VALIDATION_ERROR - separatorは1文字以上で入力してください。
2026-02-22 14:52:12.488 | INFO     | main:combined_middleware:106 - END:   [POST] /api/column/add | Status: 422 | Time: 0.74ms
2026-02-22 14:52:12.494 | INFO     | main:combined_middleware:92 - START: [POST] /api/column/add (lang: ja)
2026-02-22 14:52:12.495 | ERROR    | economicon.utils.logging:log_error:37 - ERROR: ErrorCode.VALIDATION_ERROR - separatorは10文字以内で入力してください。
2026-02-22 14:52:12.495 | INFO     | main:combined_middleware:106 - END:   [POST] /api/column/add | Status: 422 | Time: 0.78ms
2026-02-22 14:52:12.500 | INFO     | main:combined_middleware:92 - START: [POST] /api/column/add (lang: ja)
2026-02-22 14:52:12.501 | ERROR    | economicon.utils.logging:log_error:37 - ERROR: ErrorCode.DATA_NOT_FOUND - tableName 'NoTable'は存在しません。
2026-02-22 14:52:12.501 | INFO     | main:combined_middleware:106 - END:   [POST] /api/column/add | Status: 400 | Time: 0.70ms
2026-02-22 14:52:12.505 | INFO     | main:combined_middleware:92 - START: [POST] /api/column/add (lang: ja)
2026-02-22 14:52:12.506 | ERROR    | economicon.utils.logging:log_error:37 - ERROR: ErrorCode.DATA_ALREADY_EXISTS - newColumnName 'A'は既に存在します。
2026-02-22 14:52:12.506 | INFO     | main:combined_middleware:106 - END:   [POST] /api/column/add | Status: 400 | Time: 0.88ms
2026-02-22 14:52:12.511 | INFO     | main:combined_middleware:92 - START: [POST] /api/column/add (lang: ja)
2026-02-22 14:52:12.511 | ERROR    | economicon.utils.logging:log_error:37 - ERROR: ErrorCode.DATA_NOT_FOUND - addPositionColumn 'Z'は存在しません。
2026-02-22 14:52:12.511 | INFO     | main:combined_middleware:106 - END:   [POST] /api/column/add | Status: 400 | Time: 0.77ms
2026-02-22 14:52:12.516 | INFO     | main:combined_middleware:92 - START: [POST] /api/column/add (lang: ja)
2026-02-22 14:52:12.516 | ERROR    | economicon.utils.logging:log_error:37 - ERROR: ErrorCode.PATH_NOT_FOUND - csvFilePath '/nonexistent/path/to/file.csv'は存在しません。
2026-02-22 14:52:12.517 | INFO     | main:combined_middleware:106 - END:   [POST] /api/column/add | Status: 400 | Time: 1.01ms
2026-02-22 14:52:12.523 | INFO     | main:combined_middleware:92 - START: [POST] /api/column/add (lang: ja)
2026-02-22 14:52:12.523 | ERROR    | economicon.utils.logging:log_error:37 - ERROR: ErrorCode.INVALID_FILE_TYPE - csvFilePath must be one of the following types: csv.
2026-02-22 14:52:12.523 | INFO     | main:combined_middleware:106 - END:   [POST] /api/column/add | Status: 400 | Time: 0.87ms
2026-02-22 14:52:12.539 | INFO     | main:combined_middleware:92 - START: [POST] /api/column/add (lang: ja)
2026-02-22 14:52:12.540 | ERROR    | economicon.utils.logging:log_error:37 - ERROR: ErrorCode.INVALID_FILE_TYPE - csvFilePath must be one of the following types: csv.
2026-02-22 14:52:12.540 | INFO     | main:combined_middleware:106 - END:   [POST] /api/column/add | Status: 400 | Time: 0.85ms
2026-02-22 14:52:12.571 | INFO     | main:combined_middleware:92 - START: [POST] /api/column/add (lang: ja)
2026-02-22 14:52:12.572 | ERROR    | economicon.utils.logging:log_error:37 - ERROR: ErrorCode.INVALID_FILE_TYPE - csvFilePath must be one of the following types: csv.
2026-02-22 14:52:12.572 | INFO     | main:combined_middleware:106 - END:   [POST] /api/column/add | Status: 400 | Time: 1.23ms
2026-02-22 14:53:07.254 | INFO     | main:<module>:156 - 'C:\Users\masak\Desktop\repos\economicon\api\static' directory not found. Skipping mount.
2026-02-22 14:53:42.449 | INFO     | main:<module>:156 - 'C:\Users\masak\Desktop\repos\economicon\api\static' directory not found. Skipping mount.
2026-02-22 14:53:42.457 | INFO     | main:combined_middleware:92 - START: [POST] /api/column/add (lang: ja)
2026-02-22 14:53:42.459 | INFO     | main:combined_middleware:106 - END:   [POST] /api/column/add | Status: 200 | Time: 2.72ms
2026-02-22 14:53:42.464 | INFO     | main:combined_middleware:92 - START: [POST] /api/column/add (lang: ja)
2026-02-22 14:53:42.467 | INFO     | main:combined_middleware:106 - END:   [POST] /api/column/add | Status: 200 | Time: 2.63ms
2026-02-22 14:53:42.473 | INFO     | main:combined_middleware:92 - START: [POST] /api/column/add (lang: ja)
2026-02-22 14:53:42.474 | INFO     | main:combined_middleware:106 - END:   [POST] /api/column/add | Status: 200 | Time: 1.09ms
2026-02-22 14:53:42.479 | INFO     | main:combined_middleware:92 - START: [POST] /api/column/add (lang: ja)
2026-02-22 14:53:42.480 | INFO     | main:combined_middleware:106 - END:   [POST] /api/column/add | Status: 200 | Time: 0.96ms
2026-02-22 14:53:42.485 | INFO     | main:combined_middleware:92 - START: [POST] /api/column/add (lang: ja)
2026-02-22 14:53:42.486 | INFO     | main:combined_middleware:106 - END:   [POST] /api/column/add | Status: 200 | Time: 1.09ms
2026-02-22 14:53:42.492 | INFO     | main:combined_middleware:92 - START: [POST] /api/column/add (lang: ja)
2026-02-22 14:53:42.493 | INFO     | main:combined_middleware:106 - END:   [POST] /api/column/add | Status: 200 | Time: 0.65ms
2026-02-22 14:53:42.520 | INFO     | main:combined_middleware:92 - START: [POST] /api/column/add (lang: ja)
2026-02-22 14:53:42.521 | INFO     | main:combined_middleware:106 - END:   [POST] /api/column/add | Status: 200 | Time: 1.60ms
2026-02-22 14:53:42.526 | INFO     | main:combined_middleware:92 - START: [POST] /api/column/add (lang: ja)
2026-02-22 14:53:42.527 | INFO     | main:combined_middleware:106 - END:   [POST] /api/column/add | Status: 200 | Time: 1.20ms
2026-02-22 14:53:42.532 | INFO     | main:combined_middleware:92 - START: [POST] /api/column/add (lang: ja)
2026-02-22 14:53:42.532 | INFO     | main:combined_middleware:106 - END:   [POST] /api/column/add | Status: 200 | Time: 0.64ms
2026-02-22 14:53:42.537 | INFO     | main:combined_middleware:92 - START: [POST] /api/column/add (lang: ja)
2026-02-22 14:53:42.538 | INFO     | main:combined_middleware:106 - END:   [POST] /api/column/add | Status: 200 | Time: 0.81ms
2026-02-22 14:53:42.542 | INFO     | main:combined_middleware:92 - START: [POST] /api/column/add (lang: ja)
2026-02-22 14:53:42.543 | INFO     | main:combined_middleware:106 - END:   [POST] /api/column/add | Status: 200 | Time: 0.59ms
2026-02-22 14:53:42.547 | INFO     | main:combined_middleware:92 - START: [POST] /api/column/add (lang: ja)
2026-02-22 14:53:42.548 | ERROR    | economicon.utils.logging:log_error:37 - ERROR: ErrorCode.VALIDATION_ERROR - tableNameは必須項目です。
2026-02-22 14:53:42.548 | INFO     | main:combined_middleware:106 - END:   [POST] /api/column/add | Status: 422 | Time: 0.72ms
2026-02-22 14:53:42.552 | INFO     | main:combined_middleware:92 - START: [POST] /api/column/add (lang: ja)
2026-02-22 14:53:42.553 | ERROR    | economicon.utils.logging:log_error:37 - ERROR: ErrorCode.VALIDATION_ERROR - newColumnNameは必須項目です。
2026-02-22 14:53:42.553 | INFO     | main:combined_middleware:106 - END:   [POST] /api/column/add | Status: 422 | Time: 0.76ms
2026-02-22 14:53:42.558 | INFO     | main:combined_middleware:92 - START: [POST] /api/column/add (lang: ja)
2026-02-22 14:53:42.559 | ERROR    | economicon.utils.logging:log_error:37 - ERROR: ErrorCode.VALIDATION_ERROR - addPositionColumnは必須項目です。
2026-02-22 14:53:42.559 | INFO     | main:combined_middleware:106 - END:   [POST] /api/column/add | Status: 422 | Time: 0.68ms
2026-02-22 14:53:42.565 | INFO     | main:combined_middleware:92 - START: [POST] /api/column/add (lang: ja)
2026-02-22 14:53:42.565 | ERROR    | economicon.utils.logging:log_error:37 - ERROR: ErrorCode.VALIDATION_ERROR - tableNameは1文字以上で入力してください。
2026-02-22 14:53:42.565 | INFO     | main:combined_middleware:106 - END:   [POST] /api/column/add | Status: 422 | Time: 0.70ms
2026-02-22 14:53:42.569 | INFO     | main:combined_middleware:92 - START: [POST] /api/column/add (lang: ja)
2026-02-22 14:53:42.570 | ERROR    | economicon.utils.logging:log_error:37 - ERROR: ErrorCode.VALIDATION_ERROR - newColumnNameは1文字以上で入力してください。
2026-02-22 14:53:42.570 | INFO     | main:combined_middleware:106 - END:   [POST] /api/column/add | Status: 422 | Time: 0.76ms
2026-02-22 14:53:42.574 | INFO     | main:combined_middleware:92 - START: [POST] /api/column/add (lang: ja)
2026-02-22 14:53:42.575 | ERROR    | economicon.utils.logging:log_error:37 - ERROR: ErrorCode.VALIDATION_ERROR - addPositionColumnは1文字以上で入力してください。
2026-02-22 14:53:42.575 | INFO     | main:combined_middleware:106 - END:   [POST] /api/column/add | Status: 422 | Time: 0.71ms
2026-02-22 14:53:42.579 | INFO     | main:combined_middleware:92 - START: [POST] /api/column/add (lang: ja)
2026-02-22 14:53:42.580 | ERROR    | economicon.utils.logging:log_error:37 - ERROR: ErrorCode.VALIDATION_ERROR - tableNameは文字列で入力してください。
2026-02-22 14:53:42.580 | INFO     | main:combined_middleware:106 - END:   [POST] /api/column/add | Status: 422 | Time: 0.73ms
2026-02-22 14:53:42.587 | INFO     | main:combined_middleware:92 - START: [POST] /api/column/add (lang: ja)
2026-02-22 14:53:42.588 | ERROR    | economicon.utils.logging:log_error:37 - ERROR: ErrorCode.VALIDATION_ERROR - newColumnNameは文字列で入力してください。
2026-02-22 14:53:42.588 | INFO     | main:combined_middleware:106 - END:   [POST] /api/column/add | Status: 422 | Time: 0.74ms
2026-02-22 14:53:42.593 | INFO     | main:combined_middleware:92 - START: [POST] /api/column/add (lang: ja)
2026-02-22 14:53:42.593 | ERROR    | economicon.utils.logging:log_error:37 - ERROR: ErrorCode.VALIDATION_ERROR - addPositionColumnは文字列で入力してください。
2026-02-22 14:53:42.594 | INFO     | main:combined_middleware:106 - END:   [POST] /api/column/add | Status: 422 | Time: 0.74ms
2026-02-22 14:53:42.599 | INFO     | main:combined_middleware:92 - START: [POST] /api/column/add (lang: ja)
2026-02-22 14:53:42.601 | ERROR    | economicon.utils.logging:log_error:37 - ERROR: ErrorCode.VALIDATION_ERROR - newColumnNameは128文字以内で入力してください。
2026-02-22 14:53:42.601 | INFO     | main:combined_middleware:106 - END:   [POST] /api/column/add | Status: 422 | Time: 1.84ms
2026-02-22 14:53:42.606 | INFO     | main:combined_middleware:92 - START: [POST] /api/column/add (lang: ja)
2026-02-22 14:53:42.607 | ERROR    | economicon.utils.logging:log_error:37 - ERROR: ErrorCode.VALIDATION_ERROR - csvFilePathは1024文字以内で入力してください。
2026-02-22 14:53:42.607 | INFO     | main:combined_middleware:106 - END:   [POST] /api/column/add | Status: 422 | Time: 0.73ms
2026-02-22 14:53:42.611 | INFO     | main:combined_middleware:92 - START: [POST] /api/column/add (lang: ja)
2026-02-22 14:53:42.612 | ERROR    | economicon.utils.logging:log_error:37 - ERROR: ErrorCode.VALIDATION_ERROR - String should match pattern '^[^\x00-\x1f\x7f]+$'
2026-02-22 14:53:42.612 | INFO     | main:combined_middleware:106 - END:   [POST] /api/column/add | Status: 422 | Time: 0.81ms
2026-02-22 14:53:42.617 | INFO     | main:combined_middleware:92 - START: [POST] /api/column/add (lang: ja)
2026-02-22 14:53:42.617 | ERROR    | economicon.utils.logging:log_error:37 - ERROR: ErrorCode.VALIDATION_ERROR - String should match pattern '^[^\x00-\x1f\x7f]+$'
2026-02-22 14:53:42.617 | INFO     | main:combined_middleware:106 - END:   [POST] /api/column/add | Status: 422 | Time: 0.71ms
2026-02-22 14:53:42.622 | INFO     | main:combined_middleware:92 - START: [POST] /api/column/add (lang: ja)
2026-02-22 14:53:42.623 | ERROR    | economicon.utils.logging:log_error:37 - ERROR: ErrorCode.VALIDATION_ERROR - String should match pattern '^[^\x00-\x1f\x7f]+$'
2026-02-22 14:53:42.623 | INFO     | main:combined_middleware:106 - END:   [POST] /api/column/add | Status: 422 | Time: 0.75ms
2026-02-22 14:53:42.627 | INFO     | main:combined_middleware:92 - START: [POST] /api/column/add (lang: ja)
2026-02-22 14:53:42.628 | ERROR    | economicon.utils.logging:log_error:37 - ERROR: ErrorCode.VALIDATION_ERROR - separatorは1文字以上で入力してください。
2026-02-22 14:53:42.628 | INFO     | main:combined_middleware:106 - END:   [POST] /api/column/add | Status: 422 | Time: 0.71ms
2026-02-22 14:53:42.633 | INFO     | main:combined_middleware:92 - START: [POST] /api/column/add (lang: ja)
2026-02-22 14:53:42.638 | ERROR    | economicon.utils.logging:log_error:37 - ERROR: ErrorCode.VALIDATION_ERROR - separatorは10文字以内で入力してください。
2026-02-22 14:53:42.638 | INFO     | main:combined_middleware:106 - END:   [POST] /api/column/add | Status: 422 | Time: 4.59ms
2026-02-22 14:53:42.643 | INFO     | main:combined_middleware:92 - START: [POST] /api/column/add (lang: ja)
2026-02-22 14:53:42.643 | ERROR    | economicon.utils.logging:log_error:37 - ERROR: ErrorCode.DATA_NOT_FOUND - tableName 'NoTable'は存在しません。
2026-02-22 14:53:42.643 | INFO     | main:combined_middleware:106 - END:   [POST] /api/column/add | Status: 400 | Time: 0.70ms
2026-02-22 14:53:42.648 | INFO     | main:combined_middleware:92 - START: [POST] /api/column/add (lang: ja)
2026-02-22 14:53:42.648 | ERROR    | economicon.utils.logging:log_error:37 - ERROR: ErrorCode.DATA_ALREADY_EXISTS - newColumnName 'A'は既に存在します。
2026-02-22 14:53:42.648 | INFO     | main:combined_middleware:106 - END:   [POST] /api/column/add | Status: 400 | Time: 0.75ms
2026-02-22 14:53:42.653 | INFO     | main:combined_middleware:92 - START: [POST] /api/column/add (lang: ja)
2026-02-22 14:53:42.654 | ERROR    | economicon.utils.logging:log_error:37 - ERROR: ErrorCode.DATA_NOT_FOUND - addPositionColumn 'Z'は存在しません。
2026-02-22 14:53:42.654 | INFO     | main:combined_middleware:106 - END:   [POST] /api/column/add | Status: 400 | Time: 0.75ms
2026-02-22 14:53:42.659 | INFO     | main:combined_middleware:92 - START: [POST] /api/column/add (lang: ja)
2026-02-22 14:53:42.660 | ERROR    | economicon.utils.logging:log_error:37 - ERROR: ErrorCode.PATH_NOT_FOUND - csvFilePath '/nonexistent/path/to/file.csv'は存在しません。
2026-02-22 14:53:42.660 | INFO     | main:combined_middleware:106 - END:   [POST] /api/column/add | Status: 400 | Time: 1.07ms
2026-02-22 14:53:42.665 | INFO     | main:combined_middleware:92 - START: [POST] /api/column/add (lang: ja)
2026-02-22 14:53:42.666 | INFO     | main:combined_middleware:106 - END:   [POST] /api/column/add | Status: 200 | Time: 1.01ms
2026-02-22 14:53:42.923 | INFO     | main:combined_middleware:92 - START: [POST] /api/column/add (lang: ja)
2026-02-22 14:53:42.924 | ERROR    | economicon.utils.logging:log_error:37 - ERROR: ErrorCode.ROW_COUNT_MISMATCH - Row count mismatch: CSV has 5 rows, but table has 3 rows.
2026-02-22 14:53:42.924 | INFO     | main:combined_middleware:106 - END:   [POST] /api/column/add | Status: 500 | Time: 1.53ms
2026-02-22 14:53:42.929 | INFO     | main:combined_middleware:92 - START: [POST] /api/column/add (lang: ja)
2026-02-22 14:53:42.929 | ERROR    | economicon.utils.logging:log_error:37 - ERROR: ErrorCode.EMPTY_FILE - csvFilePath 'C:\Users\masak\AppData\Local\Temp\tmpn88dva0v.csv' is empty.
2026-02-22 14:53:42.930 | INFO     | main:combined_middleware:106 - END:   [POST] /api/column/add | Status: 400 | Time: 0.82ms
2026-02-22 14:54:33.785 | INFO     | main:<module>:156 - 'C:\Users\masak\Desktop\repos\economicon\api\static' directory not found. Skipping mount.
2026-02-22 14:54:48.926 | INFO     | main:<module>:156 - 'C:\Users\masak\Desktop\repos\economicon\api\static' directory not found. Skipping mount.
2026-02-22 14:54:48.939 | INFO     | main:combined_middleware:92 - START: [POST] /api/column/add (lang: ja)
2026-02-22 14:54:48.943 | INFO     | main:combined_middleware:106 - END:   [POST] /api/column/add | Status: 200 | Time: 3.84ms
2026-02-22 14:54:48.969 | INFO     | main:combined_middleware:92 - START: [POST] /api/column/add (lang: ja)
2026-02-22 14:54:48.972 | INFO     | main:combined_middleware:106 - END:   [POST] /api/column/add | Status: 200 | Time: 3.35ms
2026-02-22 14:54:48.978 | INFO     | main:combined_middleware:92 - START: [POST] /api/column/add (lang: ja)
2026-02-22 14:54:48.979 | INFO     | main:combined_middleware:106 - END:   [POST] /api/column/add | Status: 200 | Time: 1.23ms
2026-02-22 14:54:48.985 | INFO     | main:combined_middleware:92 - START: [POST] /api/column/add (lang: ja)
2026-02-22 14:54:48.986 | INFO     | main:combined_middleware:106 - END:   [POST] /api/column/add | Status: 200 | Time: 1.36ms
2026-02-22 14:54:48.991 | INFO     | main:combined_middleware:92 - START: [POST] /api/column/add (lang: ja)
2026-02-22 14:54:48.992 | INFO     | main:combined_middleware:106 - END:   [POST] /api/column/add | Status: 200 | Time: 1.28ms
2026-02-22 14:54:48.998 | INFO     | main:combined_middleware:92 - START: [POST] /api/column/add (lang: ja)
2026-02-22 14:54:48.998 | INFO     | main:combined_middleware:106 - END:   [POST] /api/column/add | Status: 200 | Time: 0.62ms
2026-02-22 14:54:49.019 | INFO     | main:combined_middleware:92 - START: [POST] /api/column/add (lang: ja)
2026-02-22 14:54:49.021 | INFO     | main:combined_middleware:106 - END:   [POST] /api/column/add | Status: 200 | Time: 1.40ms
2026-02-22 14:54:49.025 | INFO     | main:combined_middleware:92 - START: [POST] /api/column/add (lang: ja)
2026-02-22 14:54:49.026 | INFO     | main:combined_middleware:106 - END:   [POST] /api/column/add | Status: 200 | Time: 1.10ms
2026-02-22 14:54:49.032 | INFO     | main:combined_middleware:92 - START: [POST] /api/column/add (lang: ja)
2026-02-22 14:54:49.033 | INFO     | main:combined_middleware:106 - END:   [POST] /api/column/add | Status: 200 | Time: 0.93ms
2026-02-22 14:54:49.051 | INFO     | main:combined_middleware:92 - START: [POST] /api/column/add (lang: ja)
2026-02-22 14:54:49.051 | INFO     | main:combined_middleware:106 - END:   [POST] /api/column/add | Status: 200 | Time: 0.63ms
2026-02-22 14:54:49.056 | INFO     | main:combined_middleware:92 - START: [POST] /api/column/add (lang: ja)
2026-02-22 14:54:49.057 | INFO     | main:combined_middleware:106 - END:   [POST] /api/column/add | Status: 200 | Time: 0.66ms
2026-02-22 14:54:49.063 | INFO     | main:combined_middleware:92 - START: [POST] /api/column/add (lang: ja)
2026-02-22 14:54:49.064 | ERROR    | economicon.utils.logging:log_error:37 - ERROR: ErrorCode.VALIDATION_ERROR - tableNameは必須項目です。
2026-02-22 14:54:49.064 | INFO     | main:combined_middleware:106 - END:   [POST] /api/column/add | Status: 422 | Time: 0.92ms
2026-02-22 14:54:49.070 | INFO     | main:combined_middleware:92 - START: [POST] /api/column/add (lang: ja)
2026-02-22 14:54:49.070 | ERROR    | economicon.utils.logging:log_error:37 - ERROR: ErrorCode.VALIDATION_ERROR - newColumnNameは必須項目です。
2026-02-22 14:54:49.071 | INFO     | main:combined_middleware:106 - END:   [POST] /api/column/add | Status: 422 | Time: 0.83ms
2026-02-22 14:54:49.078 | INFO     | main:combined_middleware:92 - START: [POST] /api/column/add (lang: ja)
2026-02-22 14:54:49.078 | ERROR    | economicon.utils.logging:log_error:37 - ERROR: ErrorCode.VALIDATION_ERROR - addPositionColumnは必須項目です。
2026-02-22 14:54:49.079 | INFO     | main:combined_middleware:106 - END:   [POST] /api/column/add | Status: 422 | Time: 0.83ms
2026-02-22 14:54:49.085 | INFO     | main:combined_middleware:92 - START: [POST] /api/column/add (lang: ja)
2026-02-22 14:54:49.085 | ERROR    | economicon.utils.logging:log_error:37 - ERROR: ErrorCode.VALIDATION_ERROR - tableNameは1文字以上で入力してください。
2026-02-22 14:54:49.086 | INFO     | main:combined_middleware:106 - END:   [POST] /api/column/add | Status: 422 | Time: 0.71ms
2026-02-22 14:54:49.090 | INFO     | main:combined_middleware:92 - START: [POST] /api/column/add (lang: ja)
2026-02-22 14:54:49.091 | ERROR    | economicon.utils.logging:log_error:37 - ERROR: ErrorCode.VALIDATION_ERROR - newColumnNameは1文字以上で入力してください。
2026-02-22 14:54:49.091 | INFO     | main:combined_middleware:106 - END:   [POST] /api/column/add | Status: 422 | Time: 0.69ms
2026-02-22 14:54:49.095 | INFO     | main:combined_middleware:92 - START: [POST] /api/column/add (lang: ja)
2026-02-22 14:54:49.095 | ERROR    | economicon.utils.logging:log_error:37 - ERROR: ErrorCode.VALIDATION_ERROR - addPositionColumnは1文字以上で入力してください。
2026-02-22 14:54:49.096 | INFO     | main:combined_middleware:106 - END:   [POST] /api/column/add | Status: 422 | Time: 0.68ms
2026-02-22 14:54:49.100 | INFO     | main:combined_middleware:92 - START: [POST] /api/column/add (lang: ja)
2026-02-22 14:54:49.101 | ERROR    | economicon.utils.logging:log_error:37 - ERROR: ErrorCode.VALIDATION_ERROR - tableNameは文字列で入力してください。
2026-02-22 14:54:49.101 | INFO     | main:combined_middleware:106 - END:   [POST] /api/column/add | Status: 422 | Time: 0.97ms
2026-02-22 14:54:49.105 | INFO     | main:combined_middleware:92 - START: [POST] /api/column/add (lang: ja)
2026-02-22 14:54:49.106 | ERROR    | economicon.utils.logging:log_error:37 - ERROR: ErrorCode.VALIDATION_ERROR - newColumnNameは文字列で入力してください。
2026-02-22 14:54:49.106 | INFO     | main:combined_middleware:106 - END:   [POST] /api/column/add | Status: 422 | Time: 0.92ms
2026-02-22 14:54:49.111 | INFO     | main:combined_middleware:92 - START: [POST] /api/column/add (lang: ja)
2026-02-22 14:54:49.111 | ERROR    | economicon.utils.logging:log_error:37 - ERROR: ErrorCode.VALIDATION_ERROR - addPositionColumnは文字列で入力してください。
2026-02-22 14:54:49.111 | INFO     | main:combined_middleware:106 - END:   [POST] /api/column/add | Status: 422 | Time: 0.71ms
2026-02-22 14:54:49.116 | INFO     | main:combined_middleware:92 - START: [POST] /api/column/add (lang: ja)
2026-02-22 14:54:49.118 | ERROR    | economicon.utils.logging:log_error:37 - ERROR: ErrorCode.VALIDATION_ERROR - newColumnNameは128文字以内で入力してください。
2026-02-22 14:54:49.118 | INFO     | main:combined_middleware:106 - END:   [POST] /api/column/add | Status: 422 | Time: 1.82ms
2026-02-22 14:54:49.123 | INFO     | main:combined_middleware:92 - START: [POST] /api/column/add (lang: ja)
2026-02-22 14:54:49.123 | ERROR    | economicon.utils.logging:log_error:37 - ERROR: ErrorCode.VALIDATION_ERROR - csvFilePathは1024文字以内で入力してください。
2026-02-22 14:54:49.123 | INFO     | main:combined_middleware:106 - END:   [POST] /api/column/add | Status: 422 | Time: 0.70ms
2026-02-22 14:54:49.127 | INFO     | main:combined_middleware:92 - START: [POST] /api/column/add (lang: ja)
2026-02-22 14:54:49.128 | ERROR    | economicon.utils.logging:log_error:37 - ERROR: ErrorCode.VALIDATION_ERROR - String should match pattern '^[^\x00-\x1f\x7f]+$'
2026-02-22 14:54:49.128 | INFO     | main:combined_middleware:106 - END:   [POST] /api/column/add | Status: 422 | Time: 0.64ms
2026-02-22 14:54:49.132 | INFO     | main:combined_middleware:92 - START: [POST] /api/column/add (lang: ja)
2026-02-22 14:54:49.132 | ERROR    | economicon.utils.logging:log_error:37 - ERROR: ErrorCode.VALIDATION_ERROR - String should match pattern '^[^\x00-\x1f\x7f]+$'
2026-02-22 14:54:49.132 | INFO     | main:combined_middleware:106 - END:   [POST] /api/column/add | Status: 422 | Time: 0.66ms
2026-02-22 14:54:49.136 | INFO     | main:combined_middleware:92 - START: [POST] /api/column/add (lang: ja)
2026-02-22 14:54:49.136 | ERROR    | economicon.utils.logging:log_error:37 - ERROR: ErrorCode.VALIDATION_ERROR - String should match pattern '^[^\x00-\x1f\x7f]+$'
2026-02-22 14:54:49.136 | INFO     | main:combined_middleware:106 - END:   [POST] /api/column/add | Status: 422 | Time: 0.71ms
2026-02-22 14:54:49.141 | INFO     | main:combined_middleware:92 - START: [POST] /api/column/add (lang: ja)
2026-02-22 14:54:49.142 | ERROR    | economicon.utils.logging:log_error:37 - ERROR: ErrorCode.VALIDATION_ERROR - separatorは1文字以上で入力してください。
2026-02-22 14:54:49.142 | INFO     | main:combined_middleware:106 - END:   [POST] /api/column/add | Status: 422 | Time: 0.80ms
2026-02-22 14:54:49.147 | INFO     | main:combined_middleware:92 - START: [POST] /api/column/add (lang: ja)
2026-02-22 14:54:49.150 | ERROR    | economicon.utils.logging:log_error:37 - ERROR: ErrorCode.VALIDATION_ERROR - separatorは10文字以内で入力してください。
2026-02-22 14:54:49.151 | INFO     | main:combined_middleware:106 - END:   [POST] /api/column/add | Status: 422 | Time: 3.85ms
2026-02-22 14:54:49.156 | INFO     | main:combined_middleware:92 - START: [POST] /api/column/add (lang: ja)
2026-02-22 14:54:49.156 | ERROR    | economicon.utils.logging:log_error:37 - ERROR: ErrorCode.DATA_NOT_FOUND - tableName 'NoTable'は存在しません。
2026-02-22 14:54:49.156 | INFO     | main:combined_middleware:106 - END:   [POST] /api/column/add | Status: 400 | Time: 0.75ms
2026-02-22 14:54:49.161 | INFO     | main:combined_middleware:92 - START: [POST] /api/column/add (lang: ja)
2026-02-22 14:54:49.161 | ERROR    | economicon.utils.logging:log_error:37 - ERROR: ErrorCode.DATA_ALREADY_EXISTS - newColumnName 'A'は既に存在します。
2026-02-22 14:54:49.161 | INFO     | main:combined_middleware:106 - END:   [POST] /api/column/add | Status: 400 | Time: 0.69ms
2026-02-22 14:54:49.165 | INFO     | main:combined_middleware:92 - START: [POST] /api/column/add (lang: ja)
2026-02-22 14:54:49.166 | ERROR    | economicon.utils.logging:log_error:37 - ERROR: ErrorCode.DATA_NOT_FOUND - addPositionColumn 'Z'は存在しません。
2026-02-22 14:54:49.166 | INFO     | main:combined_middleware:106 - END:   [POST] /api/column/add | Status: 400 | Time: 0.74ms
2026-02-22 14:54:49.185 | INFO     | main:combined_middleware:92 - START: [POST] /api/column/add (lang: ja)
2026-02-22 14:54:49.186 | ERROR    | economicon.utils.logging:log_error:37 - ERROR: ErrorCode.PATH_NOT_FOUND - csvFilePath '/nonexistent/path/to/file.csv'は存在しません。
2026-02-22 14:54:49.186 | INFO     | main:combined_middleware:106 - END:   [POST] /api/column/add | Status: 400 | Time: 0.88ms
2026-02-22 14:54:49.204 | INFO     | main:combined_middleware:92 - START: [POST] /api/column/add (lang: ja)
2026-02-22 14:54:49.205 | ERROR    | economicon.utils.logging:log_error:37 - ERROR: ErrorCode.ROW_COUNT_MISMATCH - Row count mismatch: CSV has 5 rows, but table has 3 rows.
2026-02-22 14:54:49.205 | INFO     | main:combined_middleware:106 - END:   [POST] /api/column/add | Status: 500 | Time: 1.48ms
2026-02-22 14:54:49.211 | INFO     | main:combined_middleware:92 - START: [POST] /api/column/add (lang: ja)
2026-02-22 14:54:49.211 | ERROR    | economicon.utils.logging:log_error:37 - ERROR: ErrorCode.EMPTY_FILE - csvFilePath 'C:\Users\masak\AppData\Local\Temp\tmpjwx1e7tc.csv' is empty.
2026-02-22 14:54:49.211 | INFO     | main:combined_middleware:106 - END:   [POST] /api/column/add | Status: 400 | Time: 0.84ms
2026-02-22 14:55:19.912 | INFO     | main:<module>:156 - 'C:\Users\masak\Desktop\repos\economicon\api\static' directory not found. Skipping mount.
2026-02-22 14:55:26.701 | INFO     | main:<module>:156 - 'C:\Users\masak\Desktop\repos\economicon\api\static' directory not found. Skipping mount.
2026-02-22 15:03:16.280 | INFO     | main:<module>:156 - 'C:\Users\masak\Desktop\repos\economicon\api\static' directory not found. Skipping mount.
2026-02-22 15:03:16.295 | INFO     | main:combined_middleware:92 - START: [POST] /api/column/add (lang: ja)
2026-02-22 15:03:16.298 | INFO     | main:combined_middleware:106 - END:   [POST] /api/column/add | Status: 200 | Time: 3.18ms
2026-02-22 15:03:16.303 | INFO     | main:combined_middleware:92 - START: [POST] /api/column/add (lang: ja)
2026-02-22 15:03:16.305 | INFO     | main:combined_middleware:106 - END:   [POST] /api/column/add | Status: 200 | Time: 2.50ms
2026-02-22 15:03:16.310 | INFO     | main:combined_middleware:92 - START: [POST] /api/column/add (lang: ja)
2026-02-22 15:03:16.330 | INFO     | main:combined_middleware:106 - END:   [POST] /api/column/add | Status: 200 | Time: 19.62ms
2026-02-22 15:03:16.335 | INFO     | main:combined_middleware:92 - START: [POST] /api/column/add (lang: ja)
2026-02-22 15:03:16.336 | INFO     | main:combined_middleware:106 - END:   [POST] /api/column/add | Status: 200 | Time: 1.24ms
2026-02-22 15:03:16.340 | INFO     | main:combined_middleware:92 - START: [POST] /api/column/add (lang: ja)
2026-02-22 15:03:16.342 | INFO     | main:combined_middleware:106 - END:   [POST] /api/column/add | Status: 200 | Time: 1.12ms
2026-02-22 15:03:16.346 | INFO     | main:combined_middleware:92 - START: [POST] /api/column/add (lang: ja)
2026-02-22 15:03:16.346 | INFO     | main:combined_middleware:106 - END:   [POST] /api/column/add | Status: 200 | Time: 0.64ms
2026-02-22 15:03:16.351 | INFO     | main:combined_middleware:92 - START: [POST] /api/column/add (lang: ja)
2026-02-22 15:03:16.352 | INFO     | main:combined_middleware:106 - END:   [POST] /api/column/add | Status: 200 | Time: 0.92ms
2026-02-22 15:03:16.355 | INFO     | main:combined_middleware:92 - START: [POST] /api/column/add (lang: ja)
2026-02-22 15:03:16.356 | INFO     | main:combined_middleware:106 - END:   [POST] /api/column/add | Status: 200 | Time: 0.99ms
2026-02-22 15:03:16.360 | INFO     | main:combined_middleware:92 - START: [POST] /api/column/add (lang: ja)
2026-02-22 15:03:16.360 | INFO     | main:combined_middleware:106 - END:   [POST] /api/column/add | Status: 200 | Time: 0.56ms
2026-02-22 15:03:16.364 | INFO     | main:combined_middleware:92 - START: [POST] /api/column/add (lang: ja)
2026-02-22 15:03:16.365 | INFO     | main:combined_middleware:106 - END:   [POST] /api/column/add | Status: 200 | Time: 1.05ms
2026-02-22 15:03:16.370 | INFO     | main:combined_middleware:92 - START: [POST] /api/column/add (lang: ja)
2026-02-22 15:03:16.370 | INFO     | main:combined_middleware:106 - END:   [POST] /api/column/add | Status: 200 | Time: 0.70ms
2026-02-22 15:03:16.374 | INFO     | main:combined_middleware:92 - START: [POST] /api/column/add (lang: ja)
2026-02-22 15:03:16.374 | ERROR    | economicon.utils.logging:log_error:37 - ERROR: ErrorCode.VALIDATION_ERROR - tableNameは必須項目です。
2026-02-22 15:03:16.375 | INFO     | main:combined_middleware:106 - END:   [POST] /api/column/add | Status: 422 | Time: 0.70ms
2026-02-22 15:03:16.378 | INFO     | main:combined_middleware:92 - START: [POST] /api/column/add (lang: ja)
2026-02-22 15:03:16.379 | ERROR    | economicon.utils.logging:log_error:37 - ERROR: ErrorCode.VALIDATION_ERROR - newColumnNameは必須項目です。
2026-02-22 15:03:16.379 | INFO     | main:combined_middleware:106 - END:   [POST] /api/column/add | Status: 422 | Time: 0.66ms
2026-02-22 15:03:16.383 | INFO     | main:combined_middleware:92 - START: [POST] /api/column/add (lang: ja)
2026-02-22 15:03:16.384 | ERROR    | economicon.utils.logging:log_error:37 - ERROR: ErrorCode.VALIDATION_ERROR - addPositionColumnは必須項目です。
2026-02-22 15:03:16.384 | INFO     | main:combined_middleware:106 - END:   [POST] /api/column/add | Status: 422 | Time: 0.86ms
2026-02-22 15:03:16.389 | INFO     | main:combined_middleware:92 - START: [POST] /api/column/add (lang: ja)
2026-02-22 15:03:16.390 | ERROR    | economicon.utils.logging:log_error:37 - ERROR: ErrorCode.VALIDATION_ERROR - tableNameは1文字以上で入力してください。
2026-02-22 15:03:16.390 | INFO     | main:combined_middleware:106 - END:   [POST] /api/column/add | Status: 422 | Time: 0.72ms
2026-02-22 15:03:16.394 | INFO     | main:combined_middleware:92 - START: [POST] /api/column/add (lang: ja)
2026-02-22 15:03:16.394 | ERROR    | economicon.utils.logging:log_error:37 - ERROR: ErrorCode.VALIDATION_ERROR - newColumnNameは1文字以上で入力してください。
2026-02-22 15:03:16.394 | INFO     | main:combined_middleware:106 - END:   [POST] /api/column/add | Status: 422 | Time: 0.70ms
2026-02-22 15:03:16.399 | INFO     | main:combined_middleware:92 - START: [POST] /api/column/add (lang: ja)
2026-02-22 15:03:16.399 | ERROR    | economicon.utils.logging:log_error:37 - ERROR: ErrorCode.VALIDATION_ERROR - addPositionColumnは1文字以上で入力してください。
2026-02-22 15:03:16.400 | INFO     | main:combined_middleware:106 - END:   [POST] /api/column/add | Status: 422 | Time: 0.94ms
2026-02-22 15:03:16.403 | INFO     | main:combined_middleware:92 - START: [POST] /api/column/add (lang: ja)
2026-02-22 15:03:16.404 | ERROR    | economicon.utils.logging:log_error:37 - ERROR: ErrorCode.VALIDATION_ERROR - tableNameは文字列で入力してください。
2026-02-22 15:03:16.404 | INFO     | main:combined_middleware:106 - END:   [POST] /api/column/add | Status: 422 | Time: 0.69ms
2026-02-22 15:03:16.407 | INFO     | main:combined_middleware:92 - START: [POST] /api/column/add (lang: ja)
2026-02-22 15:03:16.408 | ERROR    | economicon.utils.logging:log_error:37 - ERROR: ErrorCode.VALIDATION_ERROR - newColumnNameは文字列で入力してください。
2026-02-22 15:03:16.408 | INFO     | main:combined_middleware:106 - END:   [POST] /api/column/add | Status: 422 | Time: 0.65ms
2026-02-22 15:03:16.411 | INFO     | main:combined_middleware:92 - START: [POST] /api/column/add (lang: ja)
2026-02-22 15:03:16.412 | ERROR    | economicon.utils.logging:log_error:37 - ERROR: ErrorCode.VALIDATION_ERROR - addPositionColumnは文字列で入力してください。
2026-02-22 15:03:16.412 | INFO     | main:combined_middleware:106 - END:   [POST] /api/column/add | Status: 422 | Time: 0.62ms
2026-02-22 15:03:16.416 | INFO     | main:combined_middleware:92 - START: [POST] /api/column/add (lang: ja)
2026-02-22 15:03:16.416 | ERROR    | economicon.utils.logging:log_error:37 - ERROR: ErrorCode.VALIDATION_ERROR - newColumnNameは128文字以内で入力してください。
2026-02-22 15:03:16.417 | INFO     | main:combined_middleware:106 - END:   [POST] /api/column/add | Status: 422 | Time: 0.70ms
2026-02-22 15:03:16.420 | INFO     | main:combined_middleware:92 - START: [POST] /api/column/add (lang: ja)
2026-02-22 15:03:16.420 | ERROR    | economicon.utils.logging:log_error:37 - ERROR: ErrorCode.VALIDATION_ERROR - csvFilePathは1024文字以内で入力してください。
2026-02-22 15:03:16.420 | INFO     | main:combined_middleware:106 - END:   [POST] /api/column/add | Status: 422 | Time: 0.73ms
2026-02-22 15:03:16.424 | INFO     | main:combined_middleware:92 - START: [POST] /api/column/add (lang: ja)
2026-02-22 15:03:16.424 | ERROR    | economicon.utils.logging:log_error:37 - ERROR: ErrorCode.VALIDATION_ERROR - String should match pattern '^[^\x00-\x1f\x7f]+$'
2026-02-22 15:03:16.425 | INFO     | main:combined_middleware:106 - END:   [POST] /api/column/add | Status: 422 | Time: 0.67ms
2026-02-22 15:03:16.428 | INFO     | main:combined_middleware:92 - START: [POST] /api/column/add (lang: ja)
2026-02-22 15:03:16.428 | ERROR    | economicon.utils.logging:log_error:37 - ERROR: ErrorCode.VALIDATION_ERROR - String should match pattern '^[^\x00-\x1f\x7f]+$'
2026-02-22 15:03:16.428 | INFO     | main:combined_middleware:106 - END:   [POST] /api/column/add | Status: 422 | Time: 0.72ms
2026-02-22 15:03:16.432 | INFO     | main:combined_middleware:92 - START: [POST] /api/column/add (lang: ja)
2026-02-22 15:03:16.432 | ERROR    | economicon.utils.logging:log_error:37 - ERROR: ErrorCode.VALIDATION_ERROR - String should match pattern '^[^\x00-\x1f\x7f]+$'
2026-02-22 15:03:16.432 | INFO     | main:combined_middleware:106 - END:   [POST] /api/column/add | Status: 422 | Time: 0.74ms
2026-02-22 15:03:16.437 | INFO     | main:combined_middleware:92 - START: [POST] /api/column/add (lang: ja)
2026-02-22 15:03:16.438 | ERROR    | economicon.utils.logging:log_error:37 - ERROR: ErrorCode.VALIDATION_ERROR - separatorは1文字以上で入力してください。
2026-02-22 15:03:16.438 | INFO     | main:combined_middleware:106 - END:   [POST] /api/column/add | Status: 422 | Time: 0.70ms
2026-02-22 15:03:16.442 | INFO     | main:combined_middleware:92 - START: [POST] /api/column/add (lang: ja)
2026-02-22 15:03:16.443 | ERROR    | economicon.utils.logging:log_error:37 - ERROR: ErrorCode.VALIDATION_ERROR - separatorは10文字以内で入力してください。
2026-02-22 15:03:16.443 | INFO     | main:combined_middleware:106 - END:   [POST] /api/column/add | Status: 422 | Time: 0.70ms
2026-02-22 15:03:16.447 | INFO     | main:combined_middleware:92 - START: [POST] /api/column/add (lang: ja)
2026-02-22 15:03:16.448 | ERROR    | economicon.utils.logging:log_error:37 - ERROR: ErrorCode.DATA_NOT_FOUND - tableName 'NoTable'は存在しません。
2026-02-22 15:03:16.448 | INFO     | main:combined_middleware:106 - END:   [POST] /api/column/add | Status: 400 | Time: 0.67ms
2026-02-22 15:03:16.452 | INFO     | main:combined_middleware:92 - START: [POST] /api/column/add (lang: ja)
2026-02-22 15:03:16.453 | ERROR    | economicon.utils.logging:log_error:37 - ERROR: ErrorCode.DATA_ALREADY_EXISTS - newColumnName 'A'は既に存在します。
2026-02-22 15:03:16.453 | INFO     | main:combined_middleware:106 - END:   [POST] /api/column/add | Status: 400 | Time: 0.72ms
2026-02-22 15:03:16.456 | INFO     | main:combined_middleware:92 - START: [POST] /api/column/add (lang: ja)
2026-02-22 15:03:16.457 | ERROR    | economicon.utils.logging:log_error:37 - ERROR: ErrorCode.DATA_NOT_FOUND - addPositionColumn 'Z'は存在しません。
2026-02-22 15:03:16.457 | INFO     | main:combined_middleware:106 - END:   [POST] /api/column/add | Status: 400 | Time: 0.74ms
2026-02-22 15:03:16.460 | INFO     | main:combined_middleware:92 - START: [POST] /api/column/add (lang: ja)
2026-02-22 15:03:16.460 | ERROR    | economicon.utils.logging:log_error:37 - ERROR: ErrorCode.PATH_NOT_FOUND - csvFilePath '/nonexistent/path/to/file.csv'は存在しません。
2026-02-22 15:03:16.461 | INFO     | main:combined_middleware:106 - END:   [POST] /api/column/add | Status: 400 | Time: 0.71ms
2026-02-22 15:03:16.466 | INFO     | main:combined_middleware:92 - START: [POST] /api/column/add (lang: ja)
2026-02-22 15:03:16.467 | ERROR    | economicon.utils.logging:log_error:37 - ERROR: ErrorCode.ROW_COUNT_MISMATCH - Row count mismatch: CSV has 5 rows, but table has 3 rows.
2026-02-22 15:03:16.467 | INFO     | main:combined_middleware:106 - END:   [POST] /api/column/add | Status: 500 | Time: 1.88ms
2026-02-22 15:03:16.472 | INFO     | main:combined_middleware:92 - START: [POST] /api/column/add (lang: ja)
2026-02-22 15:03:16.472 | ERROR    | economicon.utils.logging:log_error:37 - ERROR: ErrorCode.EMPTY_FILE - csvFilePath 'C:\Users\masak\AppData\Local\Temp\tmpysma8vmz.csv' is empty.
2026-02-22 15:03:16.472 | INFO     | main:combined_middleware:106 - END:   [POST] /api/column/add | Status: 400 | Time: 0.82ms
2026-02-22 15:03:45.650 | INFO     | main:<module>:156 - 'C:\Users\masak\Desktop\repos\economicon\api\static' directory not found. Skipping mount.
2026-02-22 15:03:45.656 | INFO     | main:combined_middleware:92 - START: [POST] /api/data/export-parquet-by-path (lang: ja)
2026-02-22 15:03:45.657 | ERROR    | economicon.utils.logging:log_error:37 - ERROR: ErrorCode.VALIDATION_ERROR - table_nameは必須項目です。
2026-02-22 15:03:45.657 | INFO     | main:combined_middleware:106 - END:   [POST] /api/data/export-parquet-by-path | Status: 422 | Time: 1.28ms
2026-02-22 15:04:10.584 | INFO     | main:<module>:156 - 'C:\Users\masak\Desktop\repos\economicon\api\static' directory not found. Skipping mount.
2026-02-22 15:04:10.590 | INFO     | main:combined_middleware:92 - START: [POST] /api/data/export-parquet-by-path (lang: ja)
2026-02-22 15:04:10.592 | ERROR    | economicon.utils.logging:log_error:37 - ERROR: ErrorCode.VALIDATION_ERROR - table_nameは必須項目です。
2026-02-22 15:04:10.592 | INFO     | main:combined_middleware:106 - END:   [POST] /api/data/export-parquet-by-path | Status: 422 | Time: 1.81ms
2026-02-22 15:05:01.080 | INFO     | main:<module>:156 - 'C:\Users\masak\Desktop\repos\economicon\api\static' directory not found. Skipping mount.
2026-02-22 15:05:15.406 | INFO     | main:<module>:156 - 'C:\Users\masak\Desktop\repos\economicon\api\static' directory not found. Skipping mount.
2026-02-22 15:09:35.814 | INFO     | main:<module>:156 - 'C:\Users\masak\Desktop\repos\economicon\api\static' directory not found. Skipping mount.
2026-02-22 15:10:50.274 | INFO     | main:<module>:156 - 'C:\Users\masak\Desktop\repos\economicon\api\static' directory not found. Skipping mount.
2026-02-22 15:11:26.489 | INFO     | main:<module>:156 - 'C:\Users\masak\Desktop\repos\economicon\api\static' directory not found. Skipping mount.
2026-02-22 15:11:51.502 | INFO     | main:<module>:156 - 'C:\Users\masak\Desktop\repos\economicon\api\static' directory not found. Skipping mount.
2026-02-22 15:12:24.250 | INFO     | main:<module>:156 - 'C:\Users\masak\Desktop\repos\economicon\api\static' directory not found. Skipping mount.
2026-02-22 15:16:19.646 | INFO     | main:<module>:156 - 'C:\Users\masak\Desktop\repos\economicon\api\static' directory not found. Skipping mount.
2026-02-22 15:16:46.876 | INFO     | main:<module>:156 - 'C:\Users\masak\Desktop\repos\economicon\api\static' directory not found. Skipping mount.
2026-02-22 15:17:23.916 | INFO     | main:<module>:156 - 'C:\Users\masak\Desktop\repos\economicon\api\static' directory not found. Skipping mount.
2026-02-22 15:17:56.194 | INFO     | main:<module>:156 - 'C:\Users\masak\Desktop\repos\economicon\api\static' directory not found. Skipping mount.
2026-02-22 15:20:18.074 | INFO     | main:<module>:156 - 'C:\Users\masak\Desktop\repos\economicon\api\static' directory not found. Skipping mount.
2026-02-22 15:20:29.276 | INFO     | main:<module>:156 - 'C:\Users\masak\Desktop\repos\economicon\api\static' directory not found. Skipping mount.
2026-02-22 15:21:27.483 | INFO     | main:<module>:156 - 'C:\Users\masak\Desktop\repos\economicon\api\static' directory not found. Skipping mount.
2026-02-22 15:21:51.266 | INFO     | main:<module>:156 - 'C:\Users\masak\Desktop\repos\economicon\api\static' directory not found. Skipping mount.
2026-02-22 15:22:33.377 | INFO     | main:<module>:156 - 'C:\Users\masak\Desktop\repos\economicon\api\static' directory not found. Skipping mount.
2026-02-22 15:23:51.140 | INFO     | main:<module>:156 - 'C:\Users\masak\Desktop\repos\economicon\api\static' directory not found. Skipping mount.
2026-02-22 15:25:33.717 | INFO     | main:<module>:156 - 'C:\Users\masak\Desktop\repos\economicon\api\static' directory not found. Skipping mount.
2026-02-22 15:26:14.462 | INFO     | main:<module>:156 - 'C:\Users\masak\Desktop\repos\economicon\api\static' directory not found. Skipping mount.
2026-02-22 15:27:17.456 | INFO     | main:<module>:156 - 'C:\Users\masak\Desktop\repos\economicon\api\static' directory not found. Skipping mount.
2026-02-22 15:28:31.544 | INFO     | main:<module>:156 - 'C:\Users\masak\Desktop\repos\economicon\api\static' directory not found. Skipping mount.
2026-02-22 15:28:41.804 | INFO     | main:<module>:156 - 'C:\Users\masak\Desktop\repos\economicon\api\static' directory not found. Skipping mount.
2026-02-22 15:29:00.512 | INFO     | main:<module>:156 - 'C:\Users\masak\Desktop\repos\economicon\api\static' directory not found. Skipping mount.
2026-02-22 15:29:18.776 | INFO     | main:<module>:156 - 'C:\Users\masak\Desktop\repos\economicon\api\static' directory not found. Skipping mount.
2026-02-22 15:29:30.813 | INFO     | main:<module>:156 - 'C:\Users\masak\Desktop\repos\economicon\api\static' directory not found. Skipping mount.
2026-02-22 15:30:22.974 | INFO     | main:<module>:156 - 'C:\Users\masak\Desktop\repos\economicon\api\static' directory not found. Skipping mount.
2026-02-22 15:30:40.198 | INFO     | main:<module>:156 - 'C:\Users\masak\Desktop\repos\economicon\api\static' directory not found. Skipping mount.
2026-02-22 15:31:28.435 | INFO     | main:<module>:156 - 'C:\Users\masak\Desktop\repos\economicon\api\static' directory not found. Skipping mount.
2026-02-22 15:32:58.119 | INFO     | main:<module>:156 - 'C:\Users\masak\Desktop\repos\economicon\api\static' directory not found. Skipping mount.
2026-02-22 15:33:02.190 | INFO     | main:<module>:156 - 'C:\Users\masak\Desktop\repos\economicon\api\static' directory not found. Skipping mount.
2026-02-22 15:33:30.612 | INFO     | main:<module>:156 - 'C:\Users\masak\Desktop\repos\economicon\api\static' directory not found. Skipping mount.
2026-02-22 15:34:06.471 | INFO     | main:<module>:156 - 'C:\Users\masak\Desktop\repos\economicon\api\static' directory not found. Skipping mount.
2026-02-22 15:35:06.604 | INFO     | main:<module>:156 - 'C:\Users\masak\Desktop\repos\economicon\api\static' directory not found. Skipping mount.
2026-02-22 15:37:00.230 | INFO     | main:<module>:156 - 'C:\Users\masak\Desktop\repos\economicon\api\static' directory not found. Skipping mount.
2026-02-22 15:37:12.015 | INFO     | main:<module>:156 - 'C:\Users\masak\Desktop\repos\economicon\api\static' directory not found. Skipping mount.
2026-02-22 15:37:50.563 | INFO     | main:<module>:156 - 'C:\Users\masak\Desktop\repos\economicon\api\static' directory not found. Skipping mount.
2026-02-22 15:38:12.810 | INFO     | main:<module>:156 - 'C:\Users\masak\Desktop\repos\economicon\api\static' directory not found. Skipping mount.
2026-02-22 15:39:41.489 | INFO     | main:<module>:156 - 'C:\Users\masak\Desktop\repos\economicon\api\static' directory not found. Skipping mount.
2026-02-22 15:44:32.407 | INFO     | main:<module>:156 - 'C:\Users\masak\Desktop\repos\economicon\api\static' directory not found. Skipping mount.
2026-02-22 15:45:02.666 | INFO     | main:<module>:156 - 'C:\Users\masak\Desktop\repos\economicon\api\static' directory not found. Skipping mount.
2026-02-22 15:46:05.807 | INFO     | main:<module>:156 - 'C:\Users\masak\Desktop\repos\economicon\api\static' directory not found. Skipping mount.
2026-02-22 15:48:18.181 | INFO     | main:<module>:156 - 'C:\Users\masak\Desktop\repos\economicon\api\static' directory not found. Skipping mount.
2026-02-22 15:49:18.694 | INFO     | main:<module>:156 - 'C:\Users\masak\Desktop\repos\economicon\api\static' directory not found. Skipping mount.
2026-02-22 15:49:39.879 | INFO     | main:<module>:156 - 'C:\Users\masak\Desktop\repos\economicon\api\static' directory not found. Skipping mount.
2026-02-22 15:50:10.699 | INFO     | main:<module>:156 - 'C:\Users\masak\Desktop\repos\economicon\api\static' directory not found. Skipping mount.
2026-02-22 15:50:36.903 | INFO     | main:<module>:156 - 'C:\Users\masak\Desktop\repos\economicon\api\static' directory not found. Skipping mount.
2026-02-22 15:52:16.754 | INFO     | main:<module>:156 - 'C:\Users\masak\Desktop\repos\economicon\api\static' directory not found. Skipping mount.
2026-02-22 15:52:31.655 | INFO     | main:<module>:156 - 'C:\Users\masak\Desktop\repos\economicon\api\static' directory not found. Skipping mount.
2026-02-22 15:52:52.397 | INFO     | main:<module>:156 - 'C:\Users\masak\Desktop\repos\economicon\api\static' directory not found. Skipping mount.
2026-02-22 15:53:10.010 | INFO     | main:<module>:156 - 'C:\Users\masak\Desktop\repos\economicon\api\static' directory not found. Skipping mount.
2026-02-22 15:53:18.845 | INFO     | main:<module>:156 - 'C:\Users\masak\Desktop\repos\economicon\api\static' directory not found. Skipping mount.
2026-02-22 16:03:54.197 | INFO     | main:<module>:156 - 'C:\Users\masak\Desktop\repos\economicon\api\static' directory not found. Skipping mount.
2026-02-22 16:05:16.206 | INFO     | main:<module>:156 - 'C:\Users\masak\Desktop\repos\economicon\api\static' directory not found. Skipping mount.
2026-02-22 16:05:49.076 | INFO     | main:<module>:156 - 'C:\Users\masak\Desktop\repos\economicon\api\static' directory not found. Skipping mount.
2026-02-22 16:07:12.117 | INFO     | main:<module>:156 - 'C:\Users\masak\Desktop\repos\economicon\api\static' directory not found. Skipping mount.
2026-02-22 16:12:26.752 | INFO     | main:<module>:156 - 'C:\Users\masak\Desktop\repos\economicon\api\static' directory not found. Skipping mount.
2026-02-22 16:12:44.296 | INFO     | main:<module>:156 - 'C:\Users\masak\Desktop\repos\economicon\api\static' directory not found. Skipping mount.
2026-02-22 16:15:14.750 | INFO     | main:<module>:156 - 'C:\Users\masak\Desktop\repos\economicon\api\static' directory not found. Skipping mount.
2026-02-22 16:16:03.642 | INFO     | main:<module>:156 - 'C:\Users\masak\Desktop\repos\economicon\api\static' directory not found. Skipping mount.
2026-02-22 16:16:59.564 | INFO     | main:<module>:156 - 'C:\Users\masak\Desktop\repos\economicon\api\static' directory not found. Skipping mount.
2026-02-22 16:17:08.936 | INFO     | main:<module>:156 - 'C:\Users\masak\Desktop\repos\economicon\api\static' directory not found. Skipping mount.
2026-02-22 16:17:27.725 | INFO     | main:<module>:156 - 'C:\Users\masak\Desktop\repos\economicon\api\static' directory not found. Skipping mount.
2026-02-22 16:24:24.926 | INFO     | main:<module>:156 - 'C:\Users\masak\Desktop\repos\economicon\api\static' directory not found. Skipping mount.
2026-02-22 16:25:41.337 | INFO     | main:<module>:156 - 'C:\Users\masak\Desktop\repos\economicon\api\static' directory not found. Skipping mount.
2026-02-22 16:26:36.267 | INFO     | main:<module>:156 - 'C:\Users\masak\Desktop\repos\economicon\api\static' directory not found. Skipping mount.
2026-02-22 16:26:58.753 | INFO     | main:<module>:156 - 'C:\Users\masak\Desktop\repos\economicon\api\static' directory not found. Skipping mount.
2026-02-22 16:27:16.942 | INFO     | main:<module>:156 - 'C:\Users\masak\Desktop\repos\economicon\api\static' directory not found. Skipping mount.
2026-02-22 16:28:28.629 | INFO     | main:<module>:156 - 'C:\Users\masak\Desktop\repos\economicon\api\static' directory not found. Skipping mount.
2026-02-22 16:31:51.549 | INFO     | main:<module>:156 - 'C:\Users\masak\Desktop\repos\economicon\api\static' directory not found. Skipping mount.
2026-02-22 16:32:28.687 | INFO     | main:<module>:156 - 'C:\Users\masak\Desktop\repos\economicon\api\static' directory not found. Skipping mount.
2026-02-22 16:33:21.941 | INFO     | main:<module>:156 - 'C:\Users\masak\Desktop\repos\economicon\api\static' directory not found. Skipping mount.
2026-02-22 16:34:23.799 | INFO     | main:<module>:156 - 'C:\Users\masak\Desktop\repos\economicon\api\static' directory not found. Skipping mount.
2026-02-22 16:42:49.887 | INFO     | main:<module>:156 - 'C:\Users\masak\Desktop\repos\economicon\api\static' directory not found. Skipping mount.
2026-02-22 16:43:19.853 | INFO     | main:<module>:156 - 'C:\Users\masak\Desktop\repos\economicon\api\static' directory not found. Skipping mount.
2026-02-22 16:43:37.954 | INFO     | main:<module>:156 - 'C:\Users\masak\Desktop\repos\economicon\api\static' directory not found. Skipping mount.
2026-02-22 16:49:40.045 | INFO     | main:<module>:156 - 'C:\Users\masak\Desktop\repos\economicon\api\static' directory not found. Skipping mount.
2026-02-22 16:50:00.285 | INFO     | main:<module>:156 - 'C:\Users\masak\Desktop\repos\economicon\api\static' directory not found. Skipping mount.
2026-02-22 16:50:51.413 | INFO     | main:<module>:156 - 'C:\Users\masak\Desktop\repos\economicon\api\static' directory not found. Skipping mount.
2026-02-22 16:51:02.423 | INFO     | main:<module>:156 - 'C:\Users\masak\Desktop\repos\economicon\api\static' directory not found. Skipping mount.
2026-02-22 16:51:21.532 | INFO     | main:<module>:156 - 'C:\Users\masak\Desktop\repos\economicon\api\static' directory not found. Skipping mount.
2026-02-22 16:51:30.327 | INFO     | main:<module>:156 - 'C:\Users\masak\Desktop\repos\economicon\api\static' directory not found. Skipping mount.
2026-02-22 16:51:57.832 | INFO     | main:<module>:156 - 'C:\Users\masak\Desktop\repos\economicon\api\static' directory not found. Skipping mount.
2026-02-22 16:52:04.689 | INFO     | main:<module>:156 - 'C:\Users\masak\Desktop\repos\economicon\api\static' directory not found. Skipping mount.
2026-02-22 16:52:15.077 | INFO     | main:<module>:156 - 'C:\Users\masak\Desktop\repos\economicon\api\static' directory not found. Skipping mount.
2026-02-22 16:52:39.032 | INFO     | main:<module>:156 - 'C:\Users\masak\Desktop\repos\economicon\api\static' directory not found. Skipping mount.
2026-02-22 16:52:51.498 | INFO     | main:<module>:156 - 'C:\Users\masak\Desktop\repos\economicon\api\static' directory not found. Skipping mount.
2026-02-22 16:53:06.077 | INFO     | main:<module>:156 - 'C:\Users\masak\Desktop\repos\economicon\api\static' directory not found. Skipping mount.
2026-02-22 16:54:06.207 | INFO     | main:<module>:156 - 'C:\Users\masak\Desktop\repos\economicon\api\static' directory not found. Skipping mount.
2026-02-22 16:54:43.470 | INFO     | main:<module>:156 - 'C:\Users\masak\Desktop\repos\economicon\api\static' directory not found. Skipping mount.
2026-02-22 16:54:54.201 | INFO     | main:<module>:156 - 'C:\Users\masak\Desktop\repos\economicon\api\static' directory not found. Skipping mount.
2026-02-22 16:54:59.430 | INFO     | main:<module>:156 - 'C:\Users\masak\Desktop\repos\economicon\api\static' directory not found. Skipping mount.
2026-02-22 16:55:20.103 | INFO     | main:<module>:156 - 'C:\Users\masak\Desktop\repos\economicon\api\static' directory not found. Skipping mount.
2026-02-22 16:55:23.663 | INFO     | main:<module>:156 - 'C:\Users\masak\Desktop\repos\economicon\api\static' directory not found. Skipping mount.
2026-02-22 16:55:40.707 | INFO     | main:<module>:156 - 'C:\Users\masak\Desktop\repos\economicon\api\static' directory not found. Skipping mount.
2026-02-22 16:55:52.176 | INFO     | main:<module>:156 - 'C:\Users\masak\Desktop\repos\economicon\api\static' directory not found. Skipping mount.
2026-02-22 16:55:52.768 | INFO     | main:<module>:156 - 'C:\Users\masak\Desktop\repos\economicon\api\static' directory not found. Skipping mount.
2026-02-22 16:56:01.630 | INFO     | main:<module>:156 - 'C:\Users\masak\Desktop\repos\economicon\api\static' directory not found. Skipping mount.
2026-02-22 16:56:17.502 | INFO     | main:<module>:156 - 'C:\Users\masak\Desktop\repos\economicon\api\static' directory not found. Skipping mount.
2026-02-22 16:56:20.449 | INFO     | main:<module>:156 - 'C:\Users\masak\Desktop\repos\economicon\api\static' directory not found. Skipping mount.
2026-02-22 16:56:49.682 | INFO     | main:<module>:156 - 'C:\Users\masak\Desktop\repos\economicon\api\static' directory not found. Skipping mount.
2026-02-22 16:57:19.120 | INFO     | main:<module>:156 - 'C:\Users\masak\Desktop\repos\economicon\api\static' directory not found. Skipping mount.
2026-02-22 16:57:47.438 | INFO     | main:<module>:156 - 'C:\Users\masak\Desktop\repos\economicon\api\static' directory not found. Skipping mount.
2026-02-22 16:57:58.763 | INFO     | main:<module>:156 - 'C:\Users\masak\Desktop\repos\economicon\api\static' directory not found. Skipping mount.
2026-02-22 16:58:08.044 | INFO     | main:<module>:156 - 'C:\Users\masak\Desktop\repos\economicon\api\static' directory not found. Skipping mount.
2026-02-22 16:58:13.076 | INFO     | main:<module>:156 - 'C:\Users\masak\Desktop\repos\economicon\api\static' directory not found. Skipping mount.
2026-02-22 16:58:17.564 | INFO     | main:<module>:156 - 'C:\Users\masak\Desktop\repos\economicon\api\static' directory not found. Skipping mount.
2026-02-22 16:58:21.986 | INFO     | main:<module>:156 - 'C:\Users\masak\Desktop\repos\economicon\api\static' directory not found. Skipping mount.
2026-02-22 16:58:26.899 | INFO     | main:<module>:156 - 'C:\Users\masak\Desktop\repos\economicon\api\static' directory not found. Skipping mount.
2026-02-22 16:58:31.727 | INFO     | main:<module>:156 - 'C:\Users\masak\Desktop\repos\economicon\api\static' directory not found. Skipping mount.
2026-02-22 16:58:39.968 | INFO     | main:<module>:156 - 'C:\Users\masak\Desktop\repos\economicon\api\static' directory not found. Skipping mount.
2026-02-22 16:58:46.463 | INFO     | main:<module>:156 - 'C:\Users\masak\Desktop\repos\economicon\api\static' directory not found. Skipping mount.
2026-02-22 16:58:50.833 | INFO     | main:<module>:156 - 'C:\Users\masak\Desktop\repos\economicon\api\static' directory not found. Skipping mount.
2026-02-22 16:58:56.906 | INFO     | main:<module>:156 - 'C:\Users\masak\Desktop\repos\economicon\api\static' directory not found. Skipping mount.
2026-02-22 16:59:02.055 | INFO     | main:<module>:156 - 'C:\Users\masak\Desktop\repos\economicon\api\static' directory not found. Skipping mount.
2026-02-22 16:59:33.822 | INFO     | main:<module>:156 - 'C:\Users\masak\Desktop\repos\economicon\api\static' directory not found. Skipping mount.
2026-02-22 16:59:39.649 | INFO     | main:<module>:156 - 'C:\Users\masak\Desktop\repos\economicon\api\static' directory not found. Skipping mount.
2026-02-22 16:59:50.183 | INFO     | main:<module>:156 - 'C:\Users\masak\Desktop\repos\economicon\api\static' directory not found. Skipping mount.
2026-02-22 16:59:55.977 | INFO     | main:<module>:156 - 'C:\Users\masak\Desktop\repos\economicon\api\static' directory not found. Skipping mount.
2026-02-22 17:00:34.091 | INFO     | main:<module>:156 - 'C:\Users\masak\Desktop\repos\economicon\api\static' directory not found. Skipping mount.
2026-02-22 17:07:03.676 | INFO     | main:<module>:156 - 'C:\Users\masak\Desktop\repos\economicon\api\static' directory not found. Skipping mount.
2026-02-22 17:07:15.673 | INFO     | main:<module>:156 - 'C:\Users\masak\Desktop\repos\economicon\api\static' directory not found. Skipping mount.
2026-02-22 17:07:19.822 | INFO     | main:<module>:156 - 'C:\Users\masak\Desktop\repos\economicon\api\static' directory not found. Skipping mount.
2026-02-22 17:07:25.501 | INFO     | main:<module>:156 - 'C:\Users\masak\Desktop\repos\economicon\api\static' directory not found. Skipping mount.
2026-02-22 17:07:30.029 | INFO     | main:<module>:156 - 'C:\Users\masak\Desktop\repos\economicon\api\static' directory not found. Skipping mount.
2026-02-22 17:07:33.928 | INFO     | main:<module>:156 - 'C:\Users\masak\Desktop\repos\economicon\api\static' directory not found. Skipping mount.
2026-02-22 17:07:38.576 | INFO     | main:<module>:156 - 'C:\Users\masak\Desktop\repos\economicon\api\static' directory not found. Skipping mount.
2026-02-22 17:07:44.360 | INFO     | main:<module>:156 - 'C:\Users\masak\Desktop\repos\economicon\api\static' directory not found. Skipping mount.
2026-02-22 17:07:49.763 | INFO     | main:<module>:156 - 'C:\Users\masak\Desktop\repos\economicon\api\static' directory not found. Skipping mount.
2026-02-22 17:09:17.678 | INFO     | main:<module>:156 - 'C:\Users\masak\Desktop\repos\economicon\api\static' directory not found. Skipping mount.
2026-02-22 17:10:11.887 | INFO     | main:<module>:156 - 'C:\Users\masak\Desktop\repos\economicon\api\static' directory not found. Skipping mount.
2026-02-22 17:10:59.173 | INFO     | main:<module>:156 - 'C:\Users\masak\Desktop\repos\economicon\api\static' directory not found. Skipping mount.
2026-02-22 17:11:26.974 | INFO     | main:<module>:156 - 'C:\Users\masak\Desktop\repos\economicon\api\static' directory not found. Skipping mount.
2026-02-22 17:13:10.971 | INFO     | main:<module>:156 - 'C:\Users\masak\Desktop\repos\economicon\api\static' directory not found. Skipping mount.
2026-02-22 17:23:39.634 | INFO     | main:<module>:156 - 'C:\Users\masak\Desktop\repos\economicon\api\static' directory not found. Skipping mount.
2026-02-22 17:23:55.154 | INFO     | main:<module>:156 - 'C:\Users\masak\Desktop\repos\economicon\api\static' directory not found. Skipping mount.
